<?xml version="1.0" encoding="UTF-8"?>
<testsuite xmlns:xsi="http://www.w3.org/2001/XMLSchema-instance" xsi:noNamespaceSchemaLocation="https://maven.apache.org/surefire/maven-surefire-plugin/xsd/surefire-test-report.xsd" name="edu.brandeis.cosi103a.ip1.AppTest" time="0.004" tests="15" errors="0" skipped="0" failures="0">
  <properties>
[...]
</properties>
  <testcase name="testMaxRerollsIsNonNegative" classname="edu.brandeis.cosi103a.ip1.AppTest" time="0"/>
  <testcase name="testNumTurnsIsPositive" classname="edu.brandeis.cosi103a.ip1.AppTest" time="0"/>
  <testcase name="testSimulateTurnSingleRoll" classname="edu.brandeis.cosi103a.ip1.AppTest" time="0.001"/>
  <testcase name="testDetermineWinnerPlayer1Wins" classname="edu.brandeis.cosi103a.ip1.AppTest" time="0"/>
  <testcase name="testDetermineWinnerPlayer2Wins" classname="edu.brandeis.cosi103a.ip1.AppTest" time="0.001"/>
  <testcase name="testRollDieRange" classname="edu.brandeis.cosi103a.ip1.AppTest" time="0"/>
  <testcase name="testDieFacesIsValid" classname="edu.brandeis.cosi103a.ip1.AppTest" time="0"/>
  <testcase name="testDetermineWinnerZeroScores" classname="edu.brandeis.cosi103a.ip1.AppTest" time="0.001"/>
  <testcase name="testDetermineWinnerTie" classname="edu.brandeis.cosi103a.ip1.AppTest" time="0"/>
  <testcase name="testSimulateTurnMultipleRolls" classname="edu.brandeis.cosi103a.ip1.AppTest" time="0"/>
  <testcase name="testSimulateTurnEmptyArray" classname="edu.brandeis.cosi103a.ip1.AppTest" time="0"/>
  <testcase name="testSimulateTurnNullArray" classname="edu.brandeis.cosi103a.ip1.AppTest" time="0"/>
  <testcase name="testDetermineWinnerLargeScores" classname="edu.brandeis.cosi103a.ip1.AppTest" time="0"/>
  <testcase name="testRollDieReturnsInt" classname="edu.brandeis.cosi103a.ip1.AppTest" time="0"/>
  <testcase name="testGameConstants" classname="edu.brandeis.cosi103a.ip1.AppTest" time="0"/>
</testsuite>